<?xml version="1.0" encoding="UTF-8"?>
<testng-results ignored="0" total="9" passed="9" failed="0" skipped="0">
  <reporter-output>
  </reporter-output>
  <suite started-at="2024-05-16T12:11:45 GMT" name="vendor-portal" finished-at="2024-05-16T12:12:11 GMT" duration-ms="26396">
    <groups>
    </groups>
    <test started-at="2024-05-16T12:11:45 GMT" name="user-mike" finished-at="2024-05-16T12:11:55 GMT" duration-ms="10037">
      <class name="com.pseudofunc.tests.vendorportal.VendorPortalTest">
        <test-method is-config="true" signature="setDriver(org.testng.ITestContext)[pri:0, instance:com.pseudofunc.tests.vendorportal.VendorPortalTest@4be29ed9]" started-at="2024-05-16T12:11:45 GMT" name="setDriver" finished-at="2024-05-16T12:11:47 GMT" duration-ms="2443" status="PASS">
          <params>
            <param index="0">
              <value>
                <![CDATA[org.testng.TestRunner@5c86a017]]>
              </value>
            </param>
          </params>
          <reporter-output>
          </reporter-output>
        </test-method> <!-- setDriver -->
        <test-method is-config="true" signature="setPages(java.lang.String)[pri:0, instance:com.pseudofunc.tests.vendorportal.VendorPortalTest@4be29ed9]" started-at="2024-05-16T12:11:47 GMT" name="setPages" finished-at="2024-05-16T12:11:47 GMT" depends-on-methods="com.pseudofunc.tests.AbstractTest.setDriver" duration-ms="304" status="PASS">
          <params>
            <param index="0">
              <value>
                <![CDATA[test-data/vendor-portal/mike.json]]>
              </value>
            </param>
          </params>
          <reporter-output>
          </reporter-output>
        </test-method> <!-- setPages -->
        <test-method signature="loginTest()[pri:0, instance:com.pseudofunc.tests.vendorportal.VendorPortalTest@4be29ed9]" started-at="2024-05-16T12:11:47 GMT" name="loginTest" finished-at="2024-05-16T12:11:49 GMT" duration-ms="1405" status="PASS">
          <reporter-output>
          </reporter-output>
        </test-method> <!-- loginTest -->
        <test-method signature="dashboardTest()[pri:0, instance:com.pseudofunc.tests.vendorportal.VendorPortalTest@4be29ed9]" started-at="2024-05-16T12:11:49 GMT" name="dashboardTest" finished-at="2024-05-16T12:11:53 GMT" depends-on-methods="com.pseudofunc.tests.vendorportal.VendorPortalTest.loginTest" duration-ms="4067" status="PASS">
          <reporter-output>
          </reporter-output>
        </test-method> <!-- dashboardTest -->
        <test-method signature="logoutTest()[pri:0, instance:com.pseudofunc.tests.vendorportal.VendorPortalTest@4be29ed9]" started-at="2024-05-16T12:11:53 GMT" name="logoutTest" finished-at="2024-05-16T12:11:55 GMT" depends-on-methods="com.pseudofunc.tests.vendorportal.VendorPortalTest.dashboardTest" duration-ms="1682" status="PASS">
          <reporter-output>
          </reporter-output>
        </test-method> <!-- logoutTest -->
        <test-method is-config="true" signature="quitDriver()[pri:0, instance:com.pseudofunc.tests.vendorportal.VendorPortalTest@4be29ed9]" started-at="2024-05-16T12:11:55 GMT" name="quitDriver" finished-at="2024-05-16T12:11:55 GMT" duration-ms="101" status="PASS">
          <reporter-output>
          </reporter-output>
        </test-method> <!-- quitDriver -->
      </class> <!-- com.pseudofunc.tests.vendorportal.VendorPortalTest -->
    </test> <!-- user-mike -->
    <test started-at="2024-05-16T12:11:45 GMT" name="user-sam" finished-at="2024-05-16T12:12:10 GMT" duration-ms="25191">
      <class name="com.pseudofunc.tests.vendorportal.VendorPortalTest">
        <test-method is-config="true" signature="setDriver(org.testng.ITestContext)[pri:0, instance:com.pseudofunc.tests.vendorportal.VendorPortalTest@1a942c18]" started-at="2024-05-16T12:11:45 GMT" name="setDriver" finished-at="2024-05-16T12:11:55 GMT" duration-ms="10424" status="PASS">
          <params>
            <param index="0">
              <value>
                <![CDATA[org.testng.TestRunner@475c9c31]]>
              </value>
            </param>
          </params>
          <reporter-output>
          </reporter-output>
        </test-method> <!-- setDriver -->
        <test-method is-config="true" signature="setPages(java.lang.String)[pri:0, instance:com.pseudofunc.tests.vendorportal.VendorPortalTest@1a942c18]" started-at="2024-05-16T12:11:55 GMT" name="setPages" finished-at="2024-05-16T12:11:55 GMT" depends-on-methods="com.pseudofunc.tests.AbstractTest.setDriver" duration-ms="5" status="PASS">
          <params>
            <param index="0">
              <value>
                <![CDATA[test-data/vendor-portal/sam.json]]>
              </value>
            </param>
          </params>
          <reporter-output>
          </reporter-output>
        </test-method> <!-- setPages -->
        <test-method signature="loginTest()[pri:0, instance:com.pseudofunc.tests.vendorportal.VendorPortalTest@1a942c18]" started-at="2024-05-16T12:11:55 GMT" name="loginTest" finished-at="2024-05-16T12:11:56 GMT" duration-ms="1140" status="PASS">
          <reporter-output>
          </reporter-output>
        </test-method> <!-- loginTest -->
        <test-method signature="dashboardTest()[pri:0, instance:com.pseudofunc.tests.vendorportal.VendorPortalTest@1a942c18]" started-at="2024-05-16T12:11:56 GMT" name="dashboardTest" finished-at="2024-05-16T12:12:00 GMT" depends-on-methods="com.pseudofunc.tests.vendorportal.VendorPortalTest.loginTest" duration-ms="3962" status="PASS">
          <reporter-output>
          </reporter-output>
        </test-method> <!-- dashboardTest -->
        <test-method signature="logoutTest()[pri:0, instance:com.pseudofunc.tests.vendorportal.VendorPortalTest@1a942c18]" started-at="2024-05-16T12:12:00 GMT" name="logoutTest" finished-at="2024-05-16T12:12:10 GMT" depends-on-methods="com.pseudofunc.tests.vendorportal.VendorPortalTest.dashboardTest" duration-ms="9566" status="PASS">
          <reporter-output>
          </reporter-output>
        </test-method> <!-- logoutTest -->
        <test-method is-config="true" signature="quitDriver()[pri:0, instance:com.pseudofunc.tests.vendorportal.VendorPortalTest@1a942c18]" started-at="2024-05-16T12:12:10 GMT" name="quitDriver" finished-at="2024-05-16T12:12:10 GMT" duration-ms="79" status="PASS">
          <reporter-output>
          </reporter-output>
        </test-method> <!-- quitDriver -->
      </class> <!-- com.pseudofunc.tests.vendorportal.VendorPortalTest -->
    </test> <!-- user-sam -->
    <test started-at="2024-05-16T12:11:45 GMT" name="user-john" finished-at="2024-05-16T12:12:11 GMT" duration-ms="26396">
      <class name="com.pseudofunc.tests.vendorportal.VendorPortalTest">
        <test-method is-config="true" signature="setupConfig()[pri:0, instance:com.pseudofunc.tests.vendorportal.VendorPortalTest@4b013c76]" started-at="2024-05-16T12:11:45 GMT" name="setupConfig" finished-at="2024-05-16T12:11:45 GMT" duration-ms="27" status="PASS">
          <reporter-output>
          </reporter-output>
        </test-method> <!-- setupConfig -->
        <test-method is-config="true" signature="setDriver(org.testng.ITestContext)[pri:0, instance:com.pseudofunc.tests.vendorportal.VendorPortalTest@4b013c76]" started-at="2024-05-16T12:11:45 GMT" name="setDriver" finished-at="2024-05-16T12:11:47 GMT" duration-ms="2443" status="PASS">
          <params>
            <param index="0">
              <value>
                <![CDATA[org.testng.TestRunner@5c7bfdc1]]>
              </value>
            </param>
          </params>
          <reporter-output>
          </reporter-output>
        </test-method> <!-- setDriver -->
        <test-method is-config="true" signature="setPages(java.lang.String)[pri:0, instance:com.pseudofunc.tests.vendorportal.VendorPortalTest@4b013c76]" started-at="2024-05-16T12:11:47 GMT" name="setPages" finished-at="2024-05-16T12:11:47 GMT" depends-on-methods="com.pseudofunc.tests.AbstractTest.setDriver" duration-ms="304" status="PASS">
          <params>
            <param index="0">
              <value>
                <![CDATA[test-data/vendor-portal/john.json]]>
              </value>
            </param>
          </params>
          <reporter-output>
          </reporter-output>
        </test-method> <!-- setPages -->
        <test-method signature="loginTest()[pri:0, instance:com.pseudofunc.tests.vendorportal.VendorPortalTest@4b013c76]" started-at="2024-05-16T12:11:47 GMT" name="loginTest" finished-at="2024-05-16T12:11:49 GMT" duration-ms="1418" status="PASS">
          <reporter-output>
          </reporter-output>
        </test-method> <!-- loginTest -->
        <test-method signature="dashboardTest()[pri:0, instance:com.pseudofunc.tests.vendorportal.VendorPortalTest@4b013c76]" started-at="2024-05-16T12:11:49 GMT" name="dashboardTest" finished-at="2024-05-16T12:11:53 GMT" depends-on-methods="com.pseudofunc.tests.vendorportal.VendorPortalTest.loginTest" duration-ms="4077" status="PASS">
          <reporter-output>
          </reporter-output>
        </test-method> <!-- dashboardTest -->
        <test-method signature="logoutTest()[pri:0, instance:com.pseudofunc.tests.vendorportal.VendorPortalTest@4b013c76]" started-at="2024-05-16T12:11:53 GMT" name="logoutTest" finished-at="2024-05-16T12:12:11 GMT" depends-on-methods="com.pseudofunc.tests.vendorportal.VendorPortalTest.dashboardTest" duration-ms="18048" status="PASS">
          <reporter-output>
          </reporter-output>
        </test-method> <!-- logoutTest -->
        <test-method is-config="true" signature="quitDriver()[pri:0, instance:com.pseudofunc.tests.vendorportal.VendorPortalTest@4b013c76]" started-at="2024-05-16T12:12:11 GMT" name="quitDriver" finished-at="2024-05-16T12:12:11 GMT" duration-ms="79" status="PASS">
          <reporter-output>
          </reporter-output>
        </test-method> <!-- quitDriver -->
      </class> <!-- com.pseudofunc.tests.vendorportal.VendorPortalTest -->
    </test> <!-- user-john -->
  </suite> <!-- vendor-portal -->
</testng-results>
