<?xml version="1.0" encoding="UTF-8"?>
<testng-results ignored="0" total="20" passed="20" failed="0" skipped="0">
  <reporter-output>
  </reporter-output>
  <suite started-at="2024-05-16T12:11:45 GMT" name="flightReservation" finished-at="2024-05-16T12:12:08 GMT" duration-ms="23584">
    <groups>
    </groups>
    <test started-at="2024-05-16T12:11:45 GMT" name="passengers-count-2" finished-at="2024-05-16T12:11:55 GMT" duration-ms="10830">
      <class name="com.pseudofunc.tests.flightreservation.FlightReservationTest">
        <test-method is-config="true" signature="setDriver(org.testng.ITestContext)[pri:0, instance:com.pseudofunc.tests.flightreservation.FlightReservationTest@4b013c76]" started-at="2024-05-16T12:11:45 GMT" name="setDriver" finished-at="2024-05-16T12:11:47 GMT" duration-ms="2552" status="PASS">
          <params>
            <param index="0">
              <value>
                <![CDATA[org.testng.TestRunner@1b919693]]>
              </value>
            </param>
          </params>
          <reporter-output>
          </reporter-output>
        </test-method> <!-- setDriver -->
        <test-method is-config="true" signature="setParams(java.lang.String)[pri:0, instance:com.pseudofunc.tests.flightreservation.FlightReservationTest@4b013c76]" started-at="2024-05-16T12:11:47 GMT" name="setParams" finished-at="2024-05-16T12:11:47 GMT" depends-on-methods="com.pseudofunc.tests.AbstractTest.setDriver" duration-ms="278" status="PASS">
          <params>
            <param index="0">
              <value>
                <![CDATA[test-data/flight-reservation/passenger-2.json]]>
              </value>
            </param>
          </params>
          <reporter-output>
          </reporter-output>
        </test-method> <!-- setParams -->
        <test-method signature="userRegistrationTest()[pri:0, instance:com.pseudofunc.tests.flightreservation.FlightReservationTest@4b013c76]" started-at="2024-05-16T12:11:47 GMT" name="userRegistrationTest" finished-at="2024-05-16T12:11:49 GMT" duration-ms="1993" status="PASS">
          <reporter-output>
          </reporter-output>
        </test-method> <!-- userRegistrationTest -->
        <test-method signature="registrationConfirmationTest()[pri:0, instance:com.pseudofunc.tests.flightreservation.FlightReservationTest@4b013c76]" started-at="2024-05-16T12:11:49 GMT" name="registrationConfirmationTest" finished-at="2024-05-16T12:11:51 GMT" depends-on-methods="com.pseudofunc.tests.flightreservation.FlightReservationTest.userRegistrationTest" duration-ms="1909" status="PASS">
          <reporter-output>
          </reporter-output>
        </test-method> <!-- registrationConfirmationTest -->
        <test-method signature="flightSearchTest()[pri:0, instance:com.pseudofunc.tests.flightreservation.FlightReservationTest@4b013c76]" started-at="2024-05-16T12:11:51 GMT" name="flightSearchTest" finished-at="2024-05-16T12:11:53 GMT" depends-on-methods="com.pseudofunc.tests.flightreservation.FlightReservationTest.registrationConfirmationTest" duration-ms="1630" status="PASS">
          <reporter-output>
          </reporter-output>
        </test-method> <!-- flightSearchTest -->
        <test-method signature="flightSelectionTest()[pri:0, instance:com.pseudofunc.tests.flightreservation.FlightReservationTest@4b013c76]" started-at="2024-05-16T12:11:53 GMT" name="flightSelectionTest" finished-at="2024-05-16T12:11:55 GMT" depends-on-methods="com.pseudofunc.tests.flightreservation.FlightReservationTest.flightSearchTest" duration-ms="1528" status="PASS">
          <reporter-output>
          </reporter-output>
        </test-method> <!-- flightSelectionTest -->
        <test-method signature="flightReservationConfirmationTest()[pri:0, instance:com.pseudofunc.tests.flightreservation.FlightReservationTest@4b013c76]" started-at="2024-05-16T12:11:55 GMT" name="flightReservationConfirmationTest" finished-at="2024-05-16T12:11:55 GMT" depends-on-methods="com.pseudofunc.tests.flightreservation.FlightReservationTest.flightSelectionTest" duration-ms="820" status="PASS">
          <reporter-output>
          </reporter-output>
        </test-method> <!-- flightReservationConfirmationTest -->
        <test-method is-config="true" signature="quitDriver()[pri:0, instance:com.pseudofunc.tests.flightreservation.FlightReservationTest@4b013c76]" started-at="2024-05-16T12:11:55 GMT" name="quitDriver" finished-at="2024-05-16T12:11:55 GMT" duration-ms="81" status="PASS">
          <reporter-output>
          </reporter-output>
        </test-method> <!-- quitDriver -->
      </class> <!-- com.pseudofunc.tests.flightreservation.FlightReservationTest -->
    </test> <!-- passengers-count-2 -->
    <test started-at="2024-05-16T12:11:45 GMT" name="passengers-count-1" finished-at="2024-05-16T12:12:01 GMT" duration-ms="16032">
      <class name="com.pseudofunc.tests.flightreservation.FlightReservationTest">
        <test-method is-config="true" signature="setDriver(org.testng.ITestContext)[pri:0, instance:com.pseudofunc.tests.flightreservation.FlightReservationTest@55a147cc]" started-at="2024-05-16T12:11:45 GMT" name="setDriver" finished-at="2024-05-16T12:11:47 GMT" duration-ms="2551" status="PASS">
          <params>
            <param index="0">
              <value>
                <![CDATA[org.testng.TestRunner@1807f5a7]]>
              </value>
            </param>
          </params>
          <reporter-output>
          </reporter-output>
        </test-method> <!-- setDriver -->
        <test-method is-config="true" signature="setParams(java.lang.String)[pri:0, instance:com.pseudofunc.tests.flightreservation.FlightReservationTest@55a147cc]" started-at="2024-05-16T12:11:47 GMT" name="setParams" finished-at="2024-05-16T12:11:47 GMT" depends-on-methods="com.pseudofunc.tests.AbstractTest.setDriver" duration-ms="278" status="PASS">
          <params>
            <param index="0">
              <value>
                <![CDATA[test-data/flight-reservation/passenger-1.json]]>
              </value>
            </param>
          </params>
          <reporter-output>
          </reporter-output>
        </test-method> <!-- setParams -->
        <test-method signature="userRegistrationTest()[pri:0, instance:com.pseudofunc.tests.flightreservation.FlightReservationTest@55a147cc]" started-at="2024-05-16T12:11:47 GMT" name="userRegistrationTest" finished-at="2024-05-16T12:11:49 GMT" duration-ms="1993" status="PASS">
          <reporter-output>
          </reporter-output>
        </test-method> <!-- userRegistrationTest -->
        <test-method signature="registrationConfirmationTest()[pri:0, instance:com.pseudofunc.tests.flightreservation.FlightReservationTest@55a147cc]" started-at="2024-05-16T12:11:49 GMT" name="registrationConfirmationTest" finished-at="2024-05-16T12:11:52 GMT" depends-on-methods="com.pseudofunc.tests.flightreservation.FlightReservationTest.userRegistrationTest" duration-ms="2984" status="PASS">
          <reporter-output>
          </reporter-output>
        </test-method> <!-- registrationConfirmationTest -->
        <test-method signature="flightSearchTest()[pri:0, instance:com.pseudofunc.tests.flightreservation.FlightReservationTest@55a147cc]" started-at="2024-05-16T12:11:52 GMT" name="flightSearchTest" finished-at="2024-05-16T12:11:55 GMT" depends-on-methods="com.pseudofunc.tests.flightreservation.FlightReservationTest.registrationConfirmationTest" duration-ms="2085" status="PASS">
          <reporter-output>
          </reporter-output>
        </test-method> <!-- flightSearchTest -->
        <test-method signature="flightSelectionTest()[pri:0, instance:com.pseudofunc.tests.flightreservation.FlightReservationTest@55a147cc]" started-at="2024-05-16T12:11:55 GMT" name="flightSelectionTest" finished-at="2024-05-16T12:11:58 GMT" depends-on-methods="com.pseudofunc.tests.flightreservation.FlightReservationTest.flightSearchTest" duration-ms="3148" status="PASS">
          <reporter-output>
          </reporter-output>
        </test-method> <!-- flightSelectionTest -->
        <test-method signature="flightReservationConfirmationTest()[pri:0, instance:com.pseudofunc.tests.flightreservation.FlightReservationTest@55a147cc]" started-at="2024-05-16T12:11:58 GMT" name="flightReservationConfirmationTest" finished-at="2024-05-16T12:12:01 GMT" depends-on-methods="com.pseudofunc.tests.flightreservation.FlightReservationTest.flightSelectionTest" duration-ms="2866" status="PASS">
          <reporter-output>
          </reporter-output>
        </test-method> <!-- flightReservationConfirmationTest -->
        <test-method is-config="true" signature="quitDriver()[pri:0, instance:com.pseudofunc.tests.flightreservation.FlightReservationTest@55a147cc]" started-at="2024-05-16T12:12:01 GMT" name="quitDriver" finished-at="2024-05-16T12:12:01 GMT" duration-ms="89" status="PASS">
          <reporter-output>
          </reporter-output>
        </test-method> <!-- quitDriver -->
      </class> <!-- com.pseudofunc.tests.flightreservation.FlightReservationTest -->
    </test> <!-- passengers-count-1 -->
    <test started-at="2024-05-16T12:11:45 GMT" name="passengers-count-3" finished-at="2024-05-16T12:12:07 GMT" duration-ms="22865">
      <class name="com.pseudofunc.tests.flightreservation.FlightReservationTest">
        <test-method is-config="true" signature="setDriver(org.testng.ITestContext)[pri:0, instance:com.pseudofunc.tests.flightreservation.FlightReservationTest@cb0755b]" started-at="2024-05-16T12:11:45 GMT" name="setDriver" finished-at="2024-05-16T12:11:56 GMT" duration-ms="11423" status="PASS">
          <params>
            <param index="0">
              <value>
                <![CDATA[org.testng.TestRunner@7fb4f2a9]]>
              </value>
            </param>
          </params>
          <reporter-output>
          </reporter-output>
        </test-method> <!-- setDriver -->
        <test-method is-config="true" signature="setParams(java.lang.String)[pri:0, instance:com.pseudofunc.tests.flightreservation.FlightReservationTest@cb0755b]" started-at="2024-05-16T12:11:56 GMT" name="setParams" finished-at="2024-05-16T12:11:56 GMT" depends-on-methods="com.pseudofunc.tests.AbstractTest.setDriver" duration-ms="3" status="PASS">
          <params>
            <param index="0">
              <value>
                <![CDATA[test-data/flight-reservation/passenger-3.json]]>
              </value>
            </param>
          </params>
          <reporter-output>
          </reporter-output>
        </test-method> <!-- setParams -->
        <test-method signature="userRegistrationTest()[pri:0, instance:com.pseudofunc.tests.flightreservation.FlightReservationTest@cb0755b]" started-at="2024-05-16T12:11:56 GMT" name="userRegistrationTest" finished-at="2024-05-16T12:11:58 GMT" duration-ms="1542" status="PASS">
          <reporter-output>
          </reporter-output>
        </test-method> <!-- userRegistrationTest -->
        <test-method signature="registrationConfirmationTest()[pri:0, instance:com.pseudofunc.tests.flightreservation.FlightReservationTest@cb0755b]" started-at="2024-05-16T12:11:58 GMT" name="registrationConfirmationTest" finished-at="2024-05-16T12:12:00 GMT" depends-on-methods="com.pseudofunc.tests.flightreservation.FlightReservationTest.userRegistrationTest" duration-ms="2393" status="PASS">
          <reporter-output>
          </reporter-output>
        </test-method> <!-- registrationConfirmationTest -->
        <test-method signature="flightSearchTest()[pri:0, instance:com.pseudofunc.tests.flightreservation.FlightReservationTest@cb0755b]" started-at="2024-05-16T12:12:00 GMT" name="flightSearchTest" finished-at="2024-05-16T12:12:03 GMT" depends-on-methods="com.pseudofunc.tests.flightreservation.FlightReservationTest.registrationConfirmationTest" duration-ms="2633" status="PASS">
          <reporter-output>
          </reporter-output>
        </test-method> <!-- flightSearchTest -->
        <test-method signature="flightSelectionTest()[pri:0, instance:com.pseudofunc.tests.flightreservation.FlightReservationTest@cb0755b]" started-at="2024-05-16T12:12:03 GMT" name="flightSelectionTest" finished-at="2024-05-16T12:12:05 GMT" depends-on-methods="com.pseudofunc.tests.flightreservation.FlightReservationTest.flightSearchTest" duration-ms="1949" status="PASS">
          <reporter-output>
          </reporter-output>
        </test-method> <!-- flightSelectionTest -->
        <test-method signature="flightReservationConfirmationTest()[pri:0, instance:com.pseudofunc.tests.flightreservation.FlightReservationTest@cb0755b]" started-at="2024-05-16T12:12:05 GMT" name="flightReservationConfirmationTest" finished-at="2024-05-16T12:12:07 GMT" depends-on-methods="com.pseudofunc.tests.flightreservation.FlightReservationTest.flightSelectionTest" duration-ms="2824" status="PASS">
          <reporter-output>
          </reporter-output>
        </test-method> <!-- flightReservationConfirmationTest -->
        <test-method is-config="true" signature="quitDriver()[pri:0, instance:com.pseudofunc.tests.flightreservation.FlightReservationTest@cb0755b]" started-at="2024-05-16T12:12:07 GMT" name="quitDriver" finished-at="2024-05-16T12:12:07 GMT" duration-ms="83" status="PASS">
          <reporter-output>
          </reporter-output>
        </test-method> <!-- quitDriver -->
      </class> <!-- com.pseudofunc.tests.flightreservation.FlightReservationTest -->
    </test> <!-- passengers-count-3 -->
    <test started-at="2024-05-16T12:11:55 GMT" name="passengers-count-4" finished-at="2024-05-16T12:12:08 GMT" duration-ms="12698">
      <class name="com.pseudofunc.tests.flightreservation.FlightReservationTest">
        <test-method is-config="true" signature="setupConfig()[pri:0, instance:com.pseudofunc.tests.flightreservation.FlightReservationTest@7bba5817]" started-at="2024-05-16T12:11:45 GMT" name="setupConfig" finished-at="2024-05-16T12:11:45 GMT" duration-ms="12" status="PASS">
          <reporter-output>
          </reporter-output>
        </test-method> <!-- setupConfig -->
        <test-method is-config="true" signature="setDriver(org.testng.ITestContext)[pri:0, instance:com.pseudofunc.tests.flightreservation.FlightReservationTest@7bba5817]" started-at="2024-05-16T12:11:55 GMT" name="setDriver" finished-at="2024-05-16T12:12:01 GMT" duration-ms="5695" status="PASS">
          <params>
            <param index="0">
              <value>
                <![CDATA[org.testng.TestRunner@4dc27487]]>
              </value>
            </param>
          </params>
          <reporter-output>
          </reporter-output>
        </test-method> <!-- setDriver -->
        <test-method is-config="true" signature="setParams(java.lang.String)[pri:0, instance:com.pseudofunc.tests.flightreservation.FlightReservationTest@7bba5817]" started-at="2024-05-16T12:12:01 GMT" name="setParams" finished-at="2024-05-16T12:12:01 GMT" depends-on-methods="com.pseudofunc.tests.AbstractTest.setDriver" duration-ms="4" status="PASS">
          <params>
            <param index="0">
              <value>
                <![CDATA[test-data/flight-reservation/passenger-4.json]]>
              </value>
            </param>
          </params>
          <reporter-output>
          </reporter-output>
        </test-method> <!-- setParams -->
        <test-method signature="userRegistrationTest()[pri:0, instance:com.pseudofunc.tests.flightreservation.FlightReservationTest@7bba5817]" started-at="2024-05-16T12:12:01 GMT" name="userRegistrationTest" finished-at="2024-05-16T12:12:03 GMT" duration-ms="1614" status="PASS">
          <reporter-output>
          </reporter-output>
        </test-method> <!-- userRegistrationTest -->
        <test-method signature="registrationConfirmationTest()[pri:0, instance:com.pseudofunc.tests.flightreservation.FlightReservationTest@7bba5817]" started-at="2024-05-16T12:12:03 GMT" name="registrationConfirmationTest" finished-at="2024-05-16T12:12:05 GMT" depends-on-methods="com.pseudofunc.tests.flightreservation.FlightReservationTest.userRegistrationTest" duration-ms="1813" status="PASS">
          <reporter-output>
          </reporter-output>
        </test-method> <!-- registrationConfirmationTest -->
        <test-method signature="flightSearchTest()[pri:0, instance:com.pseudofunc.tests.flightreservation.FlightReservationTest@7bba5817]" started-at="2024-05-16T12:12:05 GMT" name="flightSearchTest" finished-at="2024-05-16T12:12:06 GMT" depends-on-methods="com.pseudofunc.tests.flightreservation.FlightReservationTest.registrationConfirmationTest" duration-ms="913" status="PASS">
          <reporter-output>
          </reporter-output>
        </test-method> <!-- flightSearchTest -->
        <test-method signature="flightSelectionTest()[pri:0, instance:com.pseudofunc.tests.flightreservation.FlightReservationTest@7bba5817]" started-at="2024-05-16T12:12:06 GMT" name="flightSelectionTest" finished-at="2024-05-16T12:12:06 GMT" depends-on-methods="com.pseudofunc.tests.flightreservation.FlightReservationTest.flightSearchTest" duration-ms="824" status="PASS">
          <reporter-output>
          </reporter-output>
        </test-method> <!-- flightSelectionTest -->
        <test-method signature="flightReservationConfirmationTest()[pri:0, instance:com.pseudofunc.tests.flightreservation.FlightReservationTest@7bba5817]" started-at="2024-05-16T12:12:06 GMT" name="flightReservationConfirmationTest" finished-at="2024-05-16T12:12:08 GMT" depends-on-methods="com.pseudofunc.tests.flightreservation.FlightReservationTest.flightSelectionTest" duration-ms="1743" status="PASS">
          <reporter-output>
          </reporter-output>
        </test-method> <!-- flightReservationConfirmationTest -->
        <test-method is-config="true" signature="quitDriver()[pri:0, instance:com.pseudofunc.tests.flightreservation.FlightReservationTest@7bba5817]" started-at="2024-05-16T12:12:08 GMT" name="quitDriver" finished-at="2024-05-16T12:12:08 GMT" duration-ms="87" status="PASS">
          <reporter-output>
          </reporter-output>
        </test-method> <!-- quitDriver -->
      </class> <!-- com.pseudofunc.tests.flightreservation.FlightReservationTest -->
    </test> <!-- passengers-count-4 -->
  </suite> <!-- flightReservation -->
</testng-results>
